mode: set
github.com/njslxve/avito-shop/internal/config/config.go:19.30,23.16 3 0
github.com/njslxve/avito-shop/internal/config/config.go:23.16,25.3 1 0
github.com/njslxve/avito-shop/internal/config/config.go:27.2,27.18 1 0
github.com/njslxve/avito-shop/internal/server/handler/auth.go:14.73,15.36 1 0
github.com/njslxve/avito-shop/internal/server/handler/auth.go:15.36,20.72 3 0
github.com/njslxve/avito-shop/internal/server/handler/auth.go:20.72,31.4 3 0
github.com/njslxve/avito-shop/internal/server/handler/auth.go:33.3,34.17 2 0
github.com/njslxve/avito-shop/internal/server/handler/auth.go:34.17,45.4 3 0
github.com/njslxve/avito-shop/internal/server/handler/auth.go:47.3,48.17 2 0
github.com/njslxve/avito-shop/internal/server/handler/auth.go:48.17,59.4 3 0
github.com/njslxve/avito-shop/internal/server/handler/auth.go:61.3,62.17 2 0
github.com/njslxve/avito-shop/internal/server/handler/auth.go:62.17,73.4 3 0
github.com/njslxve/avito-shop/internal/server/handler/auth.go:75.3,79.36 2 0
github.com/njslxve/avito-shop/internal/server/handler/buy_item.go:13.76,14.36 1 0
github.com/njslxve/avito-shop/internal/server/handler/buy_item.go:14.36,19.10 4 0
github.com/njslxve/avito-shop/internal/server/handler/buy_item.go:19.10,21.4 1 0
github.com/njslxve/avito-shop/internal/server/handler/buy_item.go:23.3,24.10 2 0
github.com/njslxve/avito-shop/internal/server/handler/buy_item.go:24.10,26.4 1 0
github.com/njslxve/avito-shop/internal/server/handler/buy_item.go:28.3,29.10 2 0
github.com/njslxve/avito-shop/internal/server/handler/buy_item.go:29.10,31.4 1 0
github.com/njslxve/avito-shop/internal/server/handler/buy_item.go:33.3,34.10 2 0
github.com/njslxve/avito-shop/internal/server/handler/buy_item.go:34.10,36.4 1 0
github.com/njslxve/avito-shop/internal/server/handler/buy_item.go:38.3,39.17 2 0
github.com/njslxve/avito-shop/internal/server/handler/buy_item.go:39.17,50.4 3 0
github.com/njslxve/avito-shop/internal/server/handler/buy_item.go:52.3,52.32 1 0
github.com/njslxve/avito-shop/internal/server/handler/buy_item.go:52.32,63.4 3 0
github.com/njslxve/avito-shop/internal/server/handler/buy_item.go:65.3,66.17 2 0
github.com/njslxve/avito-shop/internal/server/handler/buy_item.go:66.17,78.4 3 0
github.com/njslxve/avito-shop/internal/server/handler/buy_item.go:80.3,80.36 1 0
github.com/njslxve/avito-shop/internal/server/handler/info.go:13.73,14.36 1 0
github.com/njslxve/avito-shop/internal/server/handler/info.go:14.36,18.10 3 0
github.com/njslxve/avito-shop/internal/server/handler/info.go:18.10,20.4 1 0
github.com/njslxve/avito-shop/internal/server/handler/info.go:22.3,23.10 2 0
github.com/njslxve/avito-shop/internal/server/handler/info.go:23.10,25.4 1 0
github.com/njslxve/avito-shop/internal/server/handler/info.go:27.3,28.10 2 0
github.com/njslxve/avito-shop/internal/server/handler/info.go:28.10,30.4 1 0
github.com/njslxve/avito-shop/internal/server/handler/info.go:32.3,33.10 2 0
github.com/njslxve/avito-shop/internal/server/handler/info.go:33.10,35.4 1 0
github.com/njslxve/avito-shop/internal/server/handler/info.go:37.3,38.17 2 0
github.com/njslxve/avito-shop/internal/server/handler/info.go:38.17,49.4 3 0
github.com/njslxve/avito-shop/internal/server/handler/info.go:51.3,52.17 2 0
github.com/njslxve/avito-shop/internal/server/handler/info.go:52.17,63.4 3 0
github.com/njslxve/avito-shop/internal/server/handler/info.go:65.3,65.41 1 0
github.com/njslxve/avito-shop/internal/server/handler/send_coin.go:14.77,15.36 1 0
github.com/njslxve/avito-shop/internal/server/handler/send_coin.go:15.36,19.10 3 0
github.com/njslxve/avito-shop/internal/server/handler/send_coin.go:19.10,21.4 1 0
github.com/njslxve/avito-shop/internal/server/handler/send_coin.go:23.3,24.10 2 0
github.com/njslxve/avito-shop/internal/server/handler/send_coin.go:24.10,26.4 1 0
github.com/njslxve/avito-shop/internal/server/handler/send_coin.go:28.3,29.10 2 0
github.com/njslxve/avito-shop/internal/server/handler/send_coin.go:29.10,31.4 1 0
github.com/njslxve/avito-shop/internal/server/handler/send_coin.go:33.3,34.10 2 0
github.com/njslxve/avito-shop/internal/server/handler/send_coin.go:34.10,36.4 1 0
github.com/njslxve/avito-shop/internal/server/handler/send_coin.go:38.3,39.17 2 0
github.com/njslxve/avito-shop/internal/server/handler/send_coin.go:39.17,50.4 3 0
github.com/njslxve/avito-shop/internal/server/handler/send_coin.go:52.3,54.38 2 0
github.com/njslxve/avito-shop/internal/server/handler/send_coin.go:54.38,65.4 3 0
github.com/njslxve/avito-shop/internal/server/handler/send_coin.go:67.3,68.17 2 0
github.com/njslxve/avito-shop/internal/server/handler/send_coin.go:68.17,79.4 3 0
github.com/njslxve/avito-shop/internal/server/handler/send_coin.go:81.3,82.17 2 0
github.com/njslxve/avito-shop/internal/server/handler/send_coin.go:82.17,93.4 3 0
github.com/njslxve/avito-shop/internal/server/handler/send_coin.go:95.3,95.36 1 0
github.com/njslxve/avito-shop/internal/auth/auth.go:23.36,27.2 1 0
github.com/njslxve/avito-shop/internal/auth/auth.go:29.73,40.16 4 0
github.com/njslxve/avito-shop/internal/auth/auth.go:40.16,42.3 1 0
github.com/njslxve/avito-shop/internal/auth/auth.go:44.2,44.25 1 0
github.com/njslxve/avito-shop/internal/auth/auth.go:47.67,48.104 1 0
github.com/njslxve/avito-shop/internal/auth/auth.go:48.104,50.3 1 0
github.com/njslxve/avito-shop/internal/auth/auth.go:51.2,51.16 1 0
github.com/njslxve/avito-shop/internal/auth/auth.go:51.16,53.3 1 0
github.com/njslxve/avito-shop/internal/auth/auth.go:55.2,55.61 1 0
github.com/njslxve/avito-shop/internal/auth/auth.go:55.61,57.3 1 0
github.com/njslxve/avito-shop/internal/auth/auth.go:57.8,59.3 1 0
github.com/njslxve/avito-shop/internal/auth/auth.go:62.60,65.2 2 0
github.com/njslxve/avito-shop/internal/auth/auth.go:67.51,71.55 1 0
github.com/njslxve/avito-shop/internal/auth/auth.go:71.55,75.4 1 0
github.com/njslxve/avito-shop/internal/server/server.go:26.83,32.2 1 0
github.com/njslxve/avito-shop/internal/server/server.go:34.24,50.12 9 0
github.com/njslxve/avito-shop/internal/server/server.go:50.12,51.73 1 0
github.com/njslxve/avito-shop/internal/server/server.go:51.73,55.4 1 0
github.com/njslxve/avito-shop/internal/server/server.go:58.2,70.40 8 0
github.com/njslxve/avito-shop/internal/server/server.go:70.40,72.3 1 0
github.com/njslxve/avito-shop/internal/server/server.go:74.2,74.33 1 0
github.com/njslxve/avito-shop/internal/repository/coin.go:16.58,20.2 1 0
github.com/njslxve/avito-shop/internal/repository/coin.go:22.86,30.16 4 0
github.com/njslxve/avito-shop/internal/repository/coin.go:30.16,32.3 1 0
github.com/njslxve/avito-shop/internal/repository/coin.go:34.2,35.16 2 0
github.com/njslxve/avito-shop/internal/repository/coin.go:35.16,37.3 1 0
github.com/njslxve/avito-shop/internal/repository/coin.go:39.2,39.12 1 0
github.com/njslxve/avito-shop/internal/repository/coin.go:42.85,54.16 5 0
github.com/njslxve/avito-shop/internal/repository/coin.go:54.16,56.3 1 0
github.com/njslxve/avito-shop/internal/repository/coin.go:58.2,59.16 2 0
github.com/njslxve/avito-shop/internal/repository/coin.go:59.16,61.3 1 0
github.com/njslxve/avito-shop/internal/repository/coin.go:63.2,63.18 1 0
github.com/njslxve/avito-shop/internal/repository/coin.go:63.18,67.17 3 0
github.com/njslxve/avito-shop/internal/repository/coin.go:67.17,69.4 1 0
github.com/njslxve/avito-shop/internal/repository/coin.go:71.3,71.41 1 0
github.com/njslxve/avito-shop/internal/repository/coin.go:74.2,74.26 1 0
github.com/njslxve/avito-shop/internal/repository/coin.go:77.89,89.16 5 0
github.com/njslxve/avito-shop/internal/repository/coin.go:89.16,91.3 1 0
github.com/njslxve/avito-shop/internal/repository/coin.go:93.2,94.16 2 0
github.com/njslxve/avito-shop/internal/repository/coin.go:94.16,96.3 1 0
github.com/njslxve/avito-shop/internal/repository/coin.go:98.2,98.18 1 0
github.com/njslxve/avito-shop/internal/repository/coin.go:98.18,102.17 3 0
github.com/njslxve/avito-shop/internal/repository/coin.go:102.17,104.4 1 0
github.com/njslxve/avito-shop/internal/repository/coin.go:106.3,106.41 1 0
github.com/njslxve/avito-shop/internal/repository/coin.go:109.2,109.26 1 0
github.com/njslxve/avito-shop/internal/repository/item.go:16.58,20.2 1 0
github.com/njslxve/avito-shop/internal/repository/item.go:22.73,32.16 5 0
github.com/njslxve/avito-shop/internal/repository/item.go:32.16,34.3 1 0
github.com/njslxve/avito-shop/internal/repository/item.go:36.2,39.16 3 0
github.com/njslxve/avito-shop/internal/repository/item.go:39.16,41.3 1 0
github.com/njslxve/avito-shop/internal/repository/item.go:43.2,43.18 1 0
github.com/njslxve/avito-shop/internal/repository/repository.go:37.40,44.2 1 0
github.com/njslxve/avito-shop/internal/repository/transaction.go:15.72,19.2 1 0
github.com/njslxve/avito-shop/internal/repository/transaction.go:21.66,29.16 4 0
github.com/njslxve/avito-shop/internal/repository/transaction.go:29.16,31.3 1 0
github.com/njslxve/avito-shop/internal/repository/transaction.go:33.2,34.16 2 0
github.com/njslxve/avito-shop/internal/repository/transaction.go:34.16,36.3 1 0
github.com/njslxve/avito-shop/internal/repository/transaction.go:38.2,38.12 1 0
github.com/njslxve/avito-shop/internal/repository/transaction.go:41.77,52.16 5 0
github.com/njslxve/avito-shop/internal/repository/transaction.go:52.16,54.3 1 0
github.com/njslxve/avito-shop/internal/repository/transaction.go:56.2,57.16 2 0
github.com/njslxve/avito-shop/internal/repository/transaction.go:57.16,59.3 1 0
github.com/njslxve/avito-shop/internal/repository/transaction.go:61.2,61.18 1 0
github.com/njslxve/avito-shop/internal/repository/transaction.go:61.18,65.17 3 0
github.com/njslxve/avito-shop/internal/repository/transaction.go:65.17,67.4 1 0
github.com/njslxve/avito-shop/internal/repository/transaction.go:69.3,69.30 1 0
github.com/njslxve/avito-shop/internal/repository/transaction.go:72.2,72.19 1 0
github.com/njslxve/avito-shop/internal/repository/user.go:16.58,20.2 1 0
github.com/njslxve/avito-shop/internal/repository/user.go:22.57,30.16 4 0
github.com/njslxve/avito-shop/internal/repository/user.go:30.16,32.3 1 0
github.com/njslxve/avito-shop/internal/repository/user.go:34.2,35.16 2 0
github.com/njslxve/avito-shop/internal/repository/user.go:35.16,37.3 1 0
github.com/njslxve/avito-shop/internal/repository/user.go:39.2,39.12 1 0
github.com/njslxve/avito-shop/internal/repository/user.go:42.73,52.16 5 0
github.com/njslxve/avito-shop/internal/repository/user.go:52.16,54.3 1 0
github.com/njslxve/avito-shop/internal/repository/user.go:56.2,59.16 3 0
github.com/njslxve/avito-shop/internal/repository/user.go:59.16,61.3 1 0
github.com/njslxve/avito-shop/internal/repository/user.go:63.2,63.18 1 0
github.com/njslxve/avito-shop/internal/repository/user.go:66.80,74.16 4 0
github.com/njslxve/avito-shop/internal/repository/user.go:74.16,76.3 1 0
github.com/njslxve/avito-shop/internal/repository/user.go:78.2,79.16 2 0
github.com/njslxve/avito-shop/internal/repository/user.go:79.16,81.3 1 0
github.com/njslxve/avito-shop/internal/repository/user.go:83.2,83.12 1 0
github.com/njslxve/avito-shop/internal/mocks/repository.go:16.61,20.2 2 0
github.com/njslxve/avito-shop/internal/mocks/repository.go:22.77,26.2 2 0
github.com/njslxve/avito-shop/internal/mocks/repository.go:28.84,32.2 2 0
github.com/njslxve/avito-shop/internal/mocks/repository.go:38.77,42.2 2 0
github.com/njslxve/avito-shop/internal/mocks/repository.go:48.70,52.2 2 0
github.com/njslxve/avito-shop/internal/mocks/repository.go:54.81,58.2 2 0
github.com/njslxve/avito-shop/internal/mocks/repository.go:64.90,68.2 2 0
github.com/njslxve/avito-shop/internal/mocks/repository.go:70.89,74.2 2 0
github.com/njslxve/avito-shop/internal/mocks/repository.go:76.93,80.2 2 0
github.com/njslxve/avito-shop/internal/client/postgres/postgres.go:11.59,20.16 3 0
github.com/njslxve/avito-shop/internal/client/postgres/postgres.go:20.16,22.3 1 0
github.com/njslxve/avito-shop/internal/client/postgres/postgres.go:24.2,28.16 4 0
github.com/njslxve/avito-shop/internal/client/postgres/postgres.go:28.16,30.3 1 0
github.com/njslxve/avito-shop/internal/client/postgres/postgres.go:32.2,33.16 2 0
github.com/njslxve/avito-shop/internal/client/postgres/postgres.go:33.16,35.3 1 0
github.com/njslxve/avito-shop/internal/client/postgres/postgres.go:37.2,37.18 1 0
github.com/njslxve/avito-shop/internal/validation/validation.go:8.52,12.2 2 0
github.com/njslxve/avito-shop/internal/validation/validation.go:14.61,18.2 2 0
github.com/njslxve/avito-shop/internal/validation/validation.go:20.52,22.2 1 0
github.com/njslxve/avito-shop/internal/auth/auth.go:23.36,27.2 1 0
github.com/njslxve/avito-shop/internal/auth/auth.go:29.73,40.16 4 0
github.com/njslxve/avito-shop/internal/auth/auth.go:40.16,42.3 1 0
github.com/njslxve/avito-shop/internal/auth/auth.go:44.2,44.25 1 0
github.com/njslxve/avito-shop/internal/auth/auth.go:47.67,48.104 1 0
github.com/njslxve/avito-shop/internal/auth/auth.go:48.104,50.3 1 0
github.com/njslxve/avito-shop/internal/auth/auth.go:51.2,51.16 1 0
github.com/njslxve/avito-shop/internal/auth/auth.go:51.16,53.3 1 0
github.com/njslxve/avito-shop/internal/auth/auth.go:55.2,55.61 1 0
github.com/njslxve/avito-shop/internal/auth/auth.go:55.61,57.3 1 0
github.com/njslxve/avito-shop/internal/auth/auth.go:57.8,59.3 1 0
github.com/njslxve/avito-shop/internal/auth/auth.go:62.60,65.2 2 0
github.com/njslxve/avito-shop/internal/auth/auth.go:67.51,71.55 1 0
github.com/njslxve/avito-shop/internal/auth/auth.go:71.55,75.4 1 0
github.com/njslxve/avito-shop/internal/client/postgres/postgres.go:11.59,20.16 3 0
github.com/njslxve/avito-shop/internal/client/postgres/postgres.go:20.16,22.3 1 0
github.com/njslxve/avito-shop/internal/client/postgres/postgres.go:24.2,28.16 4 0
github.com/njslxve/avito-shop/internal/client/postgres/postgres.go:28.16,30.3 1 0
github.com/njslxve/avito-shop/internal/client/postgres/postgres.go:32.2,33.16 2 0
github.com/njslxve/avito-shop/internal/client/postgres/postgres.go:33.16,35.3 1 0
github.com/njslxve/avito-shop/internal/client/postgres/postgres.go:37.2,37.18 1 0
github.com/njslxve/avito-shop/internal/config/config.go:19.30,23.16 3 0
github.com/njslxve/avito-shop/internal/config/config.go:23.16,25.3 1 0
github.com/njslxve/avito-shop/internal/config/config.go:27.2,27.18 1 0
github.com/njslxve/avito-shop/internal/mocks/repository.go:16.61,20.2 2 1
github.com/njslxve/avito-shop/internal/mocks/repository.go:22.77,26.2 2 1
github.com/njslxve/avito-shop/internal/mocks/repository.go:28.84,32.2 2 1
github.com/njslxve/avito-shop/internal/mocks/repository.go:38.77,42.2 2 1
github.com/njslxve/avito-shop/internal/mocks/repository.go:48.70,52.2 2 1
github.com/njslxve/avito-shop/internal/mocks/repository.go:54.81,58.2 2 1
github.com/njslxve/avito-shop/internal/mocks/repository.go:64.90,68.2 2 1
github.com/njslxve/avito-shop/internal/mocks/repository.go:70.89,74.2 2 1
github.com/njslxve/avito-shop/internal/mocks/repository.go:76.93,80.2 2 1
github.com/njslxve/avito-shop/internal/repository/coin.go:16.58,20.2 1 0
github.com/njslxve/avito-shop/internal/repository/coin.go:22.86,30.16 4 0
github.com/njslxve/avito-shop/internal/repository/coin.go:30.16,32.3 1 0
github.com/njslxve/avito-shop/internal/repository/coin.go:34.2,35.16 2 0
github.com/njslxve/avito-shop/internal/repository/coin.go:35.16,37.3 1 0
github.com/njslxve/avito-shop/internal/repository/coin.go:39.2,39.12 1 0
github.com/njslxve/avito-shop/internal/repository/coin.go:42.85,54.16 5 0
github.com/njslxve/avito-shop/internal/repository/coin.go:54.16,56.3 1 0
github.com/njslxve/avito-shop/internal/repository/coin.go:58.2,59.16 2 0
github.com/njslxve/avito-shop/internal/repository/coin.go:59.16,61.3 1 0
github.com/njslxve/avito-shop/internal/repository/coin.go:63.2,63.18 1 0
github.com/njslxve/avito-shop/internal/repository/coin.go:63.18,67.17 3 0
github.com/njslxve/avito-shop/internal/repository/coin.go:67.17,69.4 1 0
github.com/njslxve/avito-shop/internal/repository/coin.go:71.3,71.41 1 0
github.com/njslxve/avito-shop/internal/repository/coin.go:74.2,74.26 1 0
github.com/njslxve/avito-shop/internal/repository/coin.go:77.89,89.16 5 0
github.com/njslxve/avito-shop/internal/repository/coin.go:89.16,91.3 1 0
github.com/njslxve/avito-shop/internal/repository/coin.go:93.2,94.16 2 0
github.com/njslxve/avito-shop/internal/repository/coin.go:94.16,96.3 1 0
github.com/njslxve/avito-shop/internal/repository/coin.go:98.2,98.18 1 0
github.com/njslxve/avito-shop/internal/repository/coin.go:98.18,102.17 3 0
github.com/njslxve/avito-shop/internal/repository/coin.go:102.17,104.4 1 0
github.com/njslxve/avito-shop/internal/repository/coin.go:106.3,106.41 1 0
github.com/njslxve/avito-shop/internal/repository/coin.go:109.2,109.26 1 0
github.com/njslxve/avito-shop/internal/repository/item.go:16.58,20.2 1 0
github.com/njslxve/avito-shop/internal/repository/item.go:22.73,32.16 5 0
github.com/njslxve/avito-shop/internal/repository/item.go:32.16,34.3 1 0
github.com/njslxve/avito-shop/internal/repository/item.go:36.2,39.16 3 0
github.com/njslxve/avito-shop/internal/repository/item.go:39.16,41.3 1 0
github.com/njslxve/avito-shop/internal/repository/item.go:43.2,43.18 1 0
github.com/njslxve/avito-shop/internal/repository/repository.go:37.40,44.2 1 0
github.com/njslxve/avito-shop/internal/repository/transaction.go:15.72,19.2 1 0
github.com/njslxve/avito-shop/internal/repository/transaction.go:21.66,29.16 4 0
github.com/njslxve/avito-shop/internal/repository/transaction.go:29.16,31.3 1 0
github.com/njslxve/avito-shop/internal/repository/transaction.go:33.2,34.16 2 0
github.com/njslxve/avito-shop/internal/repository/transaction.go:34.16,36.3 1 0
github.com/njslxve/avito-shop/internal/repository/transaction.go:38.2,38.12 1 0
github.com/njslxve/avito-shop/internal/repository/transaction.go:41.77,52.16 5 0
github.com/njslxve/avito-shop/internal/repository/transaction.go:52.16,54.3 1 0
github.com/njslxve/avito-shop/internal/repository/transaction.go:56.2,57.16 2 0
github.com/njslxve/avito-shop/internal/repository/transaction.go:57.16,59.3 1 0
github.com/njslxve/avito-shop/internal/repository/transaction.go:61.2,61.18 1 0
github.com/njslxve/avito-shop/internal/repository/transaction.go:61.18,65.17 3 0
github.com/njslxve/avito-shop/internal/repository/transaction.go:65.17,67.4 1 0
github.com/njslxve/avito-shop/internal/repository/transaction.go:69.3,69.30 1 0
github.com/njslxve/avito-shop/internal/repository/transaction.go:72.2,72.19 1 0
github.com/njslxve/avito-shop/internal/repository/user.go:16.58,20.2 1 0
github.com/njslxve/avito-shop/internal/repository/user.go:22.57,30.16 4 0
github.com/njslxve/avito-shop/internal/repository/user.go:30.16,32.3 1 0
github.com/njslxve/avito-shop/internal/repository/user.go:34.2,35.16 2 0
github.com/njslxve/avito-shop/internal/repository/user.go:35.16,37.3 1 0
github.com/njslxve/avito-shop/internal/repository/user.go:39.2,39.12 1 0
github.com/njslxve/avito-shop/internal/repository/user.go:42.73,52.16 5 0
github.com/njslxve/avito-shop/internal/repository/user.go:52.16,54.3 1 0
github.com/njslxve/avito-shop/internal/repository/user.go:56.2,59.16 3 0
github.com/njslxve/avito-shop/internal/repository/user.go:59.16,61.3 1 0
github.com/njslxve/avito-shop/internal/repository/user.go:63.2,63.18 1 0
github.com/njslxve/avito-shop/internal/repository/user.go:66.80,74.16 4 0
github.com/njslxve/avito-shop/internal/repository/user.go:74.16,76.3 1 0
github.com/njslxve/avito-shop/internal/repository/user.go:78.2,79.16 2 0
github.com/njslxve/avito-shop/internal/repository/user.go:79.16,81.3 1 0
github.com/njslxve/avito-shop/internal/repository/user.go:83.2,83.12 1 0
github.com/njslxve/avito-shop/internal/server/server.go:26.83,32.2 1 0
github.com/njslxve/avito-shop/internal/server/server.go:34.24,50.12 9 0
github.com/njslxve/avito-shop/internal/server/server.go:50.12,51.73 1 0
github.com/njslxve/avito-shop/internal/server/server.go:51.73,55.4 1 0
github.com/njslxve/avito-shop/internal/server/server.go:58.2,70.40 8 0
github.com/njslxve/avito-shop/internal/server/server.go:70.40,72.3 1 0
github.com/njslxve/avito-shop/internal/server/server.go:74.2,74.33 1 0
github.com/njslxve/avito-shop/internal/server/handler/auth.go:14.73,15.36 1 0
github.com/njslxve/avito-shop/internal/server/handler/auth.go:15.36,20.72 3 0
github.com/njslxve/avito-shop/internal/server/handler/auth.go:20.72,31.4 3 0
github.com/njslxve/avito-shop/internal/server/handler/auth.go:33.3,34.17 2 0
github.com/njslxve/avito-shop/internal/server/handler/auth.go:34.17,45.4 3 0
github.com/njslxve/avito-shop/internal/server/handler/auth.go:47.3,48.17 2 0
github.com/njslxve/avito-shop/internal/server/handler/auth.go:48.17,59.4 3 0
github.com/njslxve/avito-shop/internal/server/handler/auth.go:61.3,62.17 2 0
github.com/njslxve/avito-shop/internal/server/handler/auth.go:62.17,73.4 3 0
github.com/njslxve/avito-shop/internal/server/handler/auth.go:75.3,79.36 2 0
github.com/njslxve/avito-shop/internal/server/handler/buy_item.go:13.76,14.36 1 0
github.com/njslxve/avito-shop/internal/server/handler/buy_item.go:14.36,19.10 4 0
github.com/njslxve/avito-shop/internal/server/handler/buy_item.go:19.10,21.4 1 0
github.com/njslxve/avito-shop/internal/server/handler/buy_item.go:23.3,24.10 2 0
github.com/njslxve/avito-shop/internal/server/handler/buy_item.go:24.10,26.4 1 0
github.com/njslxve/avito-shop/internal/server/handler/buy_item.go:28.3,29.10 2 0
github.com/njslxve/avito-shop/internal/server/handler/buy_item.go:29.10,31.4 1 0
github.com/njslxve/avito-shop/internal/server/handler/buy_item.go:33.3,34.10 2 0
github.com/njslxve/avito-shop/internal/server/handler/buy_item.go:34.10,36.4 1 0
github.com/njslxve/avito-shop/internal/server/handler/buy_item.go:38.3,39.17 2 0
github.com/njslxve/avito-shop/internal/server/handler/buy_item.go:39.17,50.4 3 0
github.com/njslxve/avito-shop/internal/server/handler/buy_item.go:52.3,52.32 1 0
github.com/njslxve/avito-shop/internal/server/handler/buy_item.go:52.32,63.4 3 0
github.com/njslxve/avito-shop/internal/server/handler/buy_item.go:65.3,66.17 2 0
github.com/njslxve/avito-shop/internal/server/handler/buy_item.go:66.17,78.4 3 0
github.com/njslxve/avito-shop/internal/server/handler/buy_item.go:80.3,80.36 1 0
github.com/njslxve/avito-shop/internal/server/handler/info.go:13.73,14.36 1 0
github.com/njslxve/avito-shop/internal/server/handler/info.go:14.36,18.10 3 0
github.com/njslxve/avito-shop/internal/server/handler/info.go:18.10,20.4 1 0
github.com/njslxve/avito-shop/internal/server/handler/info.go:22.3,23.10 2 0
github.com/njslxve/avito-shop/internal/server/handler/info.go:23.10,25.4 1 0
github.com/njslxve/avito-shop/internal/server/handler/info.go:27.3,28.10 2 0
github.com/njslxve/avito-shop/internal/server/handler/info.go:28.10,30.4 1 0
github.com/njslxve/avito-shop/internal/server/handler/info.go:32.3,33.10 2 0
github.com/njslxve/avito-shop/internal/server/handler/info.go:33.10,35.4 1 0
github.com/njslxve/avito-shop/internal/server/handler/info.go:37.3,38.17 2 0
github.com/njslxve/avito-shop/internal/server/handler/info.go:38.17,49.4 3 0
github.com/njslxve/avito-shop/internal/server/handler/info.go:51.3,52.17 2 0
github.com/njslxve/avito-shop/internal/server/handler/info.go:52.17,63.4 3 0
github.com/njslxve/avito-shop/internal/server/handler/info.go:65.3,65.41 1 0
github.com/njslxve/avito-shop/internal/server/handler/send_coin.go:14.77,15.36 1 0
github.com/njslxve/avito-shop/internal/server/handler/send_coin.go:15.36,19.10 3 0
github.com/njslxve/avito-shop/internal/server/handler/send_coin.go:19.10,21.4 1 0
github.com/njslxve/avito-shop/internal/server/handler/send_coin.go:23.3,24.10 2 0
github.com/njslxve/avito-shop/internal/server/handler/send_coin.go:24.10,26.4 1 0
github.com/njslxve/avito-shop/internal/server/handler/send_coin.go:28.3,29.10 2 0
github.com/njslxve/avito-shop/internal/server/handler/send_coin.go:29.10,31.4 1 0
github.com/njslxve/avito-shop/internal/server/handler/send_coin.go:33.3,34.10 2 0
github.com/njslxve/avito-shop/internal/server/handler/send_coin.go:34.10,36.4 1 0
github.com/njslxve/avito-shop/internal/server/handler/send_coin.go:38.3,39.17 2 0
github.com/njslxve/avito-shop/internal/server/handler/send_coin.go:39.17,50.4 3 0
github.com/njslxve/avito-shop/internal/server/handler/send_coin.go:52.3,54.38 2 0
github.com/njslxve/avito-shop/internal/server/handler/send_coin.go:54.38,65.4 3 0
github.com/njslxve/avito-shop/internal/server/handler/send_coin.go:67.3,68.17 2 0
github.com/njslxve/avito-shop/internal/server/handler/send_coin.go:68.17,79.4 3 0
github.com/njslxve/avito-shop/internal/server/handler/send_coin.go:81.3,82.17 2 0
github.com/njslxve/avito-shop/internal/server/handler/send_coin.go:82.17,93.4 3 0
github.com/njslxve/avito-shop/internal/server/handler/send_coin.go:95.3,95.36 1 0
github.com/njslxve/avito-shop/internal/usecase/buy_item.go:10.67,12.16 2 1
github.com/njslxve/avito-shop/internal/usecase/buy_item.go:12.16,17.3 1 0
github.com/njslxve/avito-shop/internal/usecase/buy_item.go:19.2,19.29 1 1
github.com/njslxve/avito-shop/internal/usecase/buy_item.go:19.29,21.3 1 0
github.com/njslxve/avito-shop/internal/usecase/buy_item.go:23.2,24.16 2 1
github.com/njslxve/avito-shop/internal/usecase/buy_item.go:24.16,29.3 1 0
github.com/njslxve/avito-shop/internal/usecase/buy_item.go:31.2,32.16 2 1
github.com/njslxve/avito-shop/internal/usecase/buy_item.go:32.16,40.17 3 0
github.com/njslxve/avito-shop/internal/usecase/buy_item.go:40.17,45.4 1 0
github.com/njslxve/avito-shop/internal/usecase/buy_item.go:47.3,47.13 1 0
github.com/njslxve/avito-shop/internal/usecase/buy_item.go:50.2,50.12 1 1
github.com/njslxve/avito-shop/internal/usecase/create_user.go:9.77,16.16 3 1
github.com/njslxve/avito-shop/internal/usecase/create_user.go:16.16,21.3 1 0
github.com/njslxve/avito-shop/internal/usecase/create_user.go:23.2,23.18 1 1
github.com/njslxve/avito-shop/internal/usecase/get_user.go:10.71,12.16 2 1
github.com/njslxve/avito-shop/internal/usecase/get_user.go:12.16,14.17 2 0
github.com/njslxve/avito-shop/internal/usecase/get_user.go:14.17,16.4 1 0
github.com/njslxve/avito-shop/internal/usecase/get_user.go:18.3,18.19 1 0
github.com/njslxve/avito-shop/internal/usecase/get_user.go:21.2,21.50 1 1
github.com/njslxve/avito-shop/internal/usecase/get_user.go:21.50,23.3 1 0
github.com/njslxve/avito-shop/internal/usecase/get_user.go:25.2,25.18 1 1
github.com/njslxve/avito-shop/internal/usecase/info.go:5.69,9.16 3 1
github.com/njslxve/avito-shop/internal/usecase/info.go:9.16,11.3 1 0
github.com/njslxve/avito-shop/internal/usecase/info.go:13.2,16.16 3 1
github.com/njslxve/avito-shop/internal/usecase/info.go:16.16,18.3 1 0
github.com/njslxve/avito-shop/internal/usecase/info.go:20.2,21.16 2 1
github.com/njslxve/avito-shop/internal/usecase/info.go:21.16,23.3 1 0
github.com/njslxve/avito-shop/internal/usecase/info.go:25.2,37.26 4 1
github.com/njslxve/avito-shop/internal/usecase/send_coin.go:9.92,10.27 1 1
github.com/njslxve/avito-shop/internal/usecase/send_coin.go:10.27,12.3 1 0
github.com/njslxve/avito-shop/internal/usecase/send_coin.go:14.2,15.16 2 1
github.com/njslxve/avito-shop/internal/usecase/send_coin.go:15.16,17.3 1 0
github.com/njslxve/avito-shop/internal/usecase/send_coin.go:19.2,20.16 2 1
github.com/njslxve/avito-shop/internal/usecase/send_coin.go:20.16,22.3 1 0
github.com/njslxve/avito-shop/internal/usecase/send_coin.go:24.2,25.16 2 1
github.com/njslxve/avito-shop/internal/usecase/send_coin.go:25.16,27.3 1 0
github.com/njslxve/avito-shop/internal/usecase/send_coin.go:29.2,30.16 2 1
github.com/njslxve/avito-shop/internal/usecase/send_coin.go:30.16,32.3 1 0
github.com/njslxve/avito-shop/internal/usecase/send_coin.go:34.2,34.12 1 1
github.com/njslxve/avito-shop/internal/usecase/usecase.go:17.86,23.2 1 1
github.com/njslxve/avito-shop/internal/usecase/usecase.go:25.58,27.16 2 0
github.com/njslxve/avito-shop/internal/usecase/usecase.go:27.16,33.3 2 0
github.com/njslxve/avito-shop/internal/usecase/usecase.go:35.2,35.19 1 0
github.com/njslxve/avito-shop/internal/usecase/usecase.go:38.62,41.37 2 1
github.com/njslxve/avito-shop/internal/usecase/usecase.go:41.37,43.3 1 1
github.com/njslxve/avito-shop/internal/usecase/usecase.go:45.2,47.32 2 1
github.com/njslxve/avito-shop/internal/usecase/usecase.go:47.32,52.3 1 1
github.com/njslxve/avito-shop/internal/usecase/usecase.go:54.2,54.17 1 1
github.com/njslxve/avito-shop/internal/usecase/usecase.go:57.67,60.34 2 1
github.com/njslxve/avito-shop/internal/usecase/usecase.go:60.34,65.3 1 1
github.com/njslxve/avito-shop/internal/usecase/usecase.go:67.2,67.13 1 1
github.com/njslxve/avito-shop/internal/usecase/usecase.go:70.75,73.36 2 1
github.com/njslxve/avito-shop/internal/usecase/usecase.go:73.36,78.3 1 1
github.com/njslxve/avito-shop/internal/usecase/usecase.go:80.2,80.17 1 1
github.com/njslxve/avito-shop/internal/usecase/validate_item.go:5.54,7.16 2 1
github.com/njslxve/avito-shop/internal/usecase/validate_item.go:7.16,14.3 2 1
github.com/njslxve/avito-shop/internal/usecase/validate_item.go:16.2,16.13 1 1
github.com/njslxve/avito-shop/internal/validation/validation.go:8.52,12.2 2 0
github.com/njslxve/avito-shop/internal/validation/validation.go:14.61,18.2 2 0
github.com/njslxve/avito-shop/internal/validation/validation.go:20.52,22.2 1 1
