mode: set
github.com/njslxve/avito-shop/internal/client/postgres/postgres.go:11.59,20.16 3 0
github.com/njslxve/avito-shop/internal/client/postgres/postgres.go:20.16,22.3 1 0
github.com/njslxve/avito-shop/internal/client/postgres/postgres.go:24.2,28.16 4 0
github.com/njslxve/avito-shop/internal/client/postgres/postgres.go:28.16,30.3 1 0
github.com/njslxve/avito-shop/internal/client/postgres/postgres.go:32.2,33.16 2 0
github.com/njslxve/avito-shop/internal/client/postgres/postgres.go:33.16,35.3 1 0
github.com/njslxve/avito-shop/internal/client/postgres/postgres.go:37.2,37.18 1 0
github.com/njslxve/avito-shop/internal/repository/coin.go:16.58,20.2 1 0
github.com/njslxve/avito-shop/internal/repository/coin.go:22.86,30.16 4 0
github.com/njslxve/avito-shop/internal/repository/coin.go:30.16,32.3 1 0
github.com/njslxve/avito-shop/internal/repository/coin.go:34.2,35.16 2 0
github.com/njslxve/avito-shop/internal/repository/coin.go:35.16,37.3 1 0
github.com/njslxve/avito-shop/internal/repository/coin.go:39.2,39.12 1 0
github.com/njslxve/avito-shop/internal/repository/coin.go:42.85,54.16 5 0
github.com/njslxve/avito-shop/internal/repository/coin.go:54.16,56.3 1 0
github.com/njslxve/avito-shop/internal/repository/coin.go:58.2,59.16 2 0
github.com/njslxve/avito-shop/internal/repository/coin.go:59.16,61.3 1 0
github.com/njslxve/avito-shop/internal/repository/coin.go:63.2,63.18 1 0
github.com/njslxve/avito-shop/internal/repository/coin.go:63.18,67.17 3 0
github.com/njslxve/avito-shop/internal/repository/coin.go:67.17,69.4 1 0
github.com/njslxve/avito-shop/internal/repository/coin.go:71.3,71.41 1 0
github.com/njslxve/avito-shop/internal/repository/coin.go:74.2,74.26 1 0
github.com/njslxve/avito-shop/internal/repository/coin.go:77.89,89.16 5 0
github.com/njslxve/avito-shop/internal/repository/coin.go:89.16,91.3 1 0
github.com/njslxve/avito-shop/internal/repository/coin.go:93.2,94.16 2 0
github.com/njslxve/avito-shop/internal/repository/coin.go:94.16,96.3 1 0
github.com/njslxve/avito-shop/internal/repository/coin.go:98.2,98.18 1 0
github.com/njslxve/avito-shop/internal/repository/coin.go:98.18,102.17 3 0
github.com/njslxve/avito-shop/internal/repository/coin.go:102.17,104.4 1 0
github.com/njslxve/avito-shop/internal/repository/coin.go:106.3,106.41 1 0
github.com/njslxve/avito-shop/internal/repository/coin.go:109.2,109.26 1 0
github.com/njslxve/avito-shop/internal/repository/item.go:16.58,20.2 1 0
github.com/njslxve/avito-shop/internal/repository/item.go:22.73,32.16 5 0
github.com/njslxve/avito-shop/internal/repository/item.go:32.16,34.3 1 0
github.com/njslxve/avito-shop/internal/repository/item.go:36.2,39.16 3 0
github.com/njslxve/avito-shop/internal/repository/item.go:39.16,41.3 1 0
github.com/njslxve/avito-shop/internal/repository/item.go:43.2,43.18 1 0
github.com/njslxve/avito-shop/internal/repository/repository.go:38.40,45.2 1 0
github.com/njslxve/avito-shop/internal/repository/transaction.go:15.72,19.2 1 0
github.com/njslxve/avito-shop/internal/repository/transaction.go:21.66,29.16 4 0
github.com/njslxve/avito-shop/internal/repository/transaction.go:29.16,31.3 1 0
github.com/njslxve/avito-shop/internal/repository/transaction.go:33.2,34.16 2 0
github.com/njslxve/avito-shop/internal/repository/transaction.go:34.16,36.3 1 0
github.com/njslxve/avito-shop/internal/repository/transaction.go:38.2,38.12 1 0
github.com/njslxve/avito-shop/internal/repository/transaction.go:41.77,52.16 5 0
github.com/njslxve/avito-shop/internal/repository/transaction.go:52.16,54.3 1 0
github.com/njslxve/avito-shop/internal/repository/transaction.go:56.2,57.16 2 0
github.com/njslxve/avito-shop/internal/repository/transaction.go:57.16,59.3 1 0
github.com/njslxve/avito-shop/internal/repository/transaction.go:61.2,61.18 1 0
github.com/njslxve/avito-shop/internal/repository/transaction.go:61.18,65.17 3 0
github.com/njslxve/avito-shop/internal/repository/transaction.go:65.17,67.4 1 0
github.com/njslxve/avito-shop/internal/repository/transaction.go:69.3,69.30 1 0
github.com/njslxve/avito-shop/internal/repository/transaction.go:72.2,72.19 1 0
github.com/njslxve/avito-shop/internal/repository/user.go:16.58,20.2 1 0
github.com/njslxve/avito-shop/internal/repository/user.go:22.67,31.16 4 0
github.com/njslxve/avito-shop/internal/repository/user.go:31.16,33.3 1 0
github.com/njslxve/avito-shop/internal/repository/user.go:35.2,38.16 3 0
github.com/njslxve/avito-shop/internal/repository/user.go:38.16,40.3 1 0
github.com/njslxve/avito-shop/internal/repository/user.go:42.2,42.16 1 0
github.com/njslxve/avito-shop/internal/repository/user.go:45.79,55.16 5 0
github.com/njslxve/avito-shop/internal/repository/user.go:55.16,57.3 1 0
github.com/njslxve/avito-shop/internal/repository/user.go:59.2,62.16 3 0
github.com/njslxve/avito-shop/internal/repository/user.go:62.16,64.3 1 0
github.com/njslxve/avito-shop/internal/repository/user.go:66.2,66.18 1 0
github.com/njslxve/avito-shop/internal/repository/user.go:69.75,79.16 5 0
github.com/njslxve/avito-shop/internal/repository/user.go:79.16,81.3 1 0
github.com/njslxve/avito-shop/internal/repository/user.go:83.2,86.16 3 0
github.com/njslxve/avito-shop/internal/repository/user.go:86.16,88.3 1 0
github.com/njslxve/avito-shop/internal/repository/user.go:90.2,90.18 1 0
github.com/njslxve/avito-shop/internal/repository/user.go:93.80,101.16 4 0
github.com/njslxve/avito-shop/internal/repository/user.go:101.16,103.3 1 0
github.com/njslxve/avito-shop/internal/repository/user.go:105.2,106.16 2 0
github.com/njslxve/avito-shop/internal/repository/user.go:106.16,108.3 1 0
github.com/njslxve/avito-shop/internal/repository/user.go:110.2,110.12 1 0
github.com/njslxve/avito-shop/internal/mocks/repository.go:16.71,20.2 2 0
github.com/njslxve/avito-shop/internal/mocks/repository.go:22.83,26.2 2 0
github.com/njslxve/avito-shop/internal/mocks/repository.go:28.79,32.2 2 0
github.com/njslxve/avito-shop/internal/mocks/repository.go:34.84,38.2 2 0
github.com/njslxve/avito-shop/internal/mocks/repository.go:44.77,48.2 2 0
github.com/njslxve/avito-shop/internal/mocks/repository.go:54.70,58.2 2 0
github.com/njslxve/avito-shop/internal/mocks/repository.go:60.81,64.2 2 0
github.com/njslxve/avito-shop/internal/mocks/repository.go:70.90,74.2 2 0
github.com/njslxve/avito-shop/internal/mocks/repository.go:76.89,80.2 2 0
github.com/njslxve/avito-shop/internal/mocks/repository.go:82.93,86.2 2 0
github.com/njslxve/avito-shop/internal/mocks/usecase.go:12.59,16.2 2 0
github.com/njslxve/avito-shop/internal/mocks/usecase.go:18.82,22.2 2 0
github.com/njslxve/avito-shop/internal/mocks/usecase.go:24.68,28.2 2 0
github.com/njslxve/avito-shop/internal/mocks/usecase.go:30.61,34.2 2 0
github.com/njslxve/avito-shop/internal/mocks/usecase.go:36.68,40.2 2 0
github.com/njslxve/avito-shop/internal/mocks/usecase.go:42.83,46.2 2 0
github.com/njslxve/avito-shop/internal/mocks/usecase.go:48.74,52.2 2 0
github.com/njslxve/avito-shop/internal/config/config.go:19.30,23.16 3 0
github.com/njslxve/avito-shop/internal/config/config.go:23.16,25.3 1 0
github.com/njslxve/avito-shop/internal/config/config.go:27.2,27.18 1 0
github.com/njslxve/avito-shop/internal/auth/auth.go:24.36,28.2 1 0
github.com/njslxve/avito-shop/internal/auth/auth.go:30.61,40.16 4 0
github.com/njslxve/avito-shop/internal/auth/auth.go:40.16,42.3 1 0
github.com/njslxve/avito-shop/internal/auth/auth.go:44.2,44.25 1 0
github.com/njslxve/avito-shop/internal/auth/auth.go:47.67,48.104 1 0
github.com/njslxve/avito-shop/internal/auth/auth.go:48.104,50.3 1 0
github.com/njslxve/avito-shop/internal/auth/auth.go:51.2,51.16 1 0
github.com/njslxve/avito-shop/internal/auth/auth.go:51.16,53.3 1 0
github.com/njslxve/avito-shop/internal/auth/auth.go:55.2,55.61 1 0
github.com/njslxve/avito-shop/internal/auth/auth.go:55.61,57.3 1 0
github.com/njslxve/avito-shop/internal/auth/auth.go:57.8,59.3 1 0
github.com/njslxve/avito-shop/internal/auth/auth.go:62.60,65.2 2 0
github.com/njslxve/avito-shop/internal/auth/auth.go:67.51,75.55 2 0
github.com/njslxve/avito-shop/internal/auth/auth.go:75.55,81.4 2 0
github.com/njslxve/avito-shop/internal/server/server.go:26.83,32.2 1 0
github.com/njslxve/avito-shop/internal/server/server.go:34.24,50.12 9 0
github.com/njslxve/avito-shop/internal/server/server.go:50.12,51.73 1 0
github.com/njslxve/avito-shop/internal/server/server.go:51.73,55.4 1 0
github.com/njslxve/avito-shop/internal/server/server.go:58.2,70.40 8 0
github.com/njslxve/avito-shop/internal/server/server.go:70.40,72.3 1 0
github.com/njslxve/avito-shop/internal/server/server.go:74.2,74.33 1 0
github.com/njslxve/avito-shop/internal/auth/auth.go:24.36,28.2 1 1
github.com/njslxve/avito-shop/internal/auth/auth.go:30.61,40.16 4 1
github.com/njslxve/avito-shop/internal/auth/auth.go:40.16,42.3 1 0
github.com/njslxve/avito-shop/internal/auth/auth.go:44.2,44.25 1 1
github.com/njslxve/avito-shop/internal/auth/auth.go:47.67,48.104 1 0
github.com/njslxve/avito-shop/internal/auth/auth.go:48.104,50.3 1 0
github.com/njslxve/avito-shop/internal/auth/auth.go:51.2,51.16 1 0
github.com/njslxve/avito-shop/internal/auth/auth.go:51.16,53.3 1 0
github.com/njslxve/avito-shop/internal/auth/auth.go:55.2,55.61 1 0
github.com/njslxve/avito-shop/internal/auth/auth.go:55.61,57.3 1 0
github.com/njslxve/avito-shop/internal/auth/auth.go:57.8,59.3 1 0
github.com/njslxve/avito-shop/internal/auth/auth.go:62.60,65.2 2 1
github.com/njslxve/avito-shop/internal/auth/auth.go:67.51,75.55 2 1
github.com/njslxve/avito-shop/internal/auth/auth.go:75.55,81.4 2 0
github.com/njslxve/avito-shop/internal/client/postgres/postgres.go:11.59,20.16 3 0
github.com/njslxve/avito-shop/internal/client/postgres/postgres.go:20.16,22.3 1 0
github.com/njslxve/avito-shop/internal/client/postgres/postgres.go:24.2,28.16 4 0
github.com/njslxve/avito-shop/internal/client/postgres/postgres.go:28.16,30.3 1 0
github.com/njslxve/avito-shop/internal/client/postgres/postgres.go:32.2,33.16 2 0
github.com/njslxve/avito-shop/internal/client/postgres/postgres.go:33.16,35.3 1 0
github.com/njslxve/avito-shop/internal/client/postgres/postgres.go:37.2,37.18 1 0
github.com/njslxve/avito-shop/internal/config/config.go:19.30,23.16 3 0
github.com/njslxve/avito-shop/internal/config/config.go:23.16,25.3 1 0
github.com/njslxve/avito-shop/internal/config/config.go:27.2,27.18 1 0
github.com/njslxve/avito-shop/internal/mocks/repository.go:16.71,20.2 2 0
github.com/njslxve/avito-shop/internal/mocks/repository.go:22.83,26.2 2 0
github.com/njslxve/avito-shop/internal/mocks/repository.go:28.79,32.2 2 0
github.com/njslxve/avito-shop/internal/mocks/repository.go:34.84,38.2 2 0
github.com/njslxve/avito-shop/internal/mocks/repository.go:44.77,48.2 2 0
github.com/njslxve/avito-shop/internal/mocks/repository.go:54.70,58.2 2 0
github.com/njslxve/avito-shop/internal/mocks/repository.go:60.81,64.2 2 0
github.com/njslxve/avito-shop/internal/mocks/repository.go:70.90,74.2 2 0
github.com/njslxve/avito-shop/internal/mocks/repository.go:76.89,80.2 2 0
github.com/njslxve/avito-shop/internal/mocks/repository.go:82.93,86.2 2 0
github.com/njslxve/avito-shop/internal/mocks/usecase.go:12.59,16.2 2 1
github.com/njslxve/avito-shop/internal/mocks/usecase.go:18.82,22.2 2 1
github.com/njslxve/avito-shop/internal/mocks/usecase.go:24.68,28.2 2 1
github.com/njslxve/avito-shop/internal/mocks/usecase.go:30.61,34.2 2 1
github.com/njslxve/avito-shop/internal/mocks/usecase.go:36.68,40.2 2 1
github.com/njslxve/avito-shop/internal/mocks/usecase.go:42.83,46.2 2 1
github.com/njslxve/avito-shop/internal/mocks/usecase.go:48.74,52.2 2 1
github.com/njslxve/avito-shop/internal/repository/coin.go:16.58,20.2 1 0
github.com/njslxve/avito-shop/internal/repository/coin.go:22.86,30.16 4 0
github.com/njslxve/avito-shop/internal/repository/coin.go:30.16,32.3 1 0
github.com/njslxve/avito-shop/internal/repository/coin.go:34.2,35.16 2 0
github.com/njslxve/avito-shop/internal/repository/coin.go:35.16,37.3 1 0
github.com/njslxve/avito-shop/internal/repository/coin.go:39.2,39.12 1 0
github.com/njslxve/avito-shop/internal/repository/coin.go:42.85,54.16 5 0
github.com/njslxve/avito-shop/internal/repository/coin.go:54.16,56.3 1 0
github.com/njslxve/avito-shop/internal/repository/coin.go:58.2,59.16 2 0
github.com/njslxve/avito-shop/internal/repository/coin.go:59.16,61.3 1 0
github.com/njslxve/avito-shop/internal/repository/coin.go:63.2,63.18 1 0
github.com/njslxve/avito-shop/internal/repository/coin.go:63.18,67.17 3 0
github.com/njslxve/avito-shop/internal/repository/coin.go:67.17,69.4 1 0
github.com/njslxve/avito-shop/internal/repository/coin.go:71.3,71.41 1 0
github.com/njslxve/avito-shop/internal/repository/coin.go:74.2,74.26 1 0
github.com/njslxve/avito-shop/internal/repository/coin.go:77.89,89.16 5 0
github.com/njslxve/avito-shop/internal/repository/coin.go:89.16,91.3 1 0
github.com/njslxve/avito-shop/internal/repository/coin.go:93.2,94.16 2 0
github.com/njslxve/avito-shop/internal/repository/coin.go:94.16,96.3 1 0
github.com/njslxve/avito-shop/internal/repository/coin.go:98.2,98.18 1 0
github.com/njslxve/avito-shop/internal/repository/coin.go:98.18,102.17 3 0
github.com/njslxve/avito-shop/internal/repository/coin.go:102.17,104.4 1 0
github.com/njslxve/avito-shop/internal/repository/coin.go:106.3,106.41 1 0
github.com/njslxve/avito-shop/internal/repository/coin.go:109.2,109.26 1 0
github.com/njslxve/avito-shop/internal/repository/item.go:16.58,20.2 1 0
github.com/njslxve/avito-shop/internal/repository/item.go:22.73,32.16 5 0
github.com/njslxve/avito-shop/internal/repository/item.go:32.16,34.3 1 0
github.com/njslxve/avito-shop/internal/repository/item.go:36.2,39.16 3 0
github.com/njslxve/avito-shop/internal/repository/item.go:39.16,41.3 1 0
github.com/njslxve/avito-shop/internal/repository/item.go:43.2,43.18 1 0
github.com/njslxve/avito-shop/internal/repository/repository.go:38.40,45.2 1 0
github.com/njslxve/avito-shop/internal/repository/transaction.go:15.72,19.2 1 0
github.com/njslxve/avito-shop/internal/repository/transaction.go:21.66,29.16 4 0
github.com/njslxve/avito-shop/internal/repository/transaction.go:29.16,31.3 1 0
github.com/njslxve/avito-shop/internal/repository/transaction.go:33.2,34.16 2 0
github.com/njslxve/avito-shop/internal/repository/transaction.go:34.16,36.3 1 0
github.com/njslxve/avito-shop/internal/repository/transaction.go:38.2,38.12 1 0
github.com/njslxve/avito-shop/internal/repository/transaction.go:41.77,52.16 5 0
github.com/njslxve/avito-shop/internal/repository/transaction.go:52.16,54.3 1 0
github.com/njslxve/avito-shop/internal/repository/transaction.go:56.2,57.16 2 0
github.com/njslxve/avito-shop/internal/repository/transaction.go:57.16,59.3 1 0
github.com/njslxve/avito-shop/internal/repository/transaction.go:61.2,61.18 1 0
github.com/njslxve/avito-shop/internal/repository/transaction.go:61.18,65.17 3 0
github.com/njslxve/avito-shop/internal/repository/transaction.go:65.17,67.4 1 0
github.com/njslxve/avito-shop/internal/repository/transaction.go:69.3,69.30 1 0
github.com/njslxve/avito-shop/internal/repository/transaction.go:72.2,72.19 1 0
github.com/njslxve/avito-shop/internal/repository/user.go:16.58,20.2 1 0
github.com/njslxve/avito-shop/internal/repository/user.go:22.67,31.16 4 0
github.com/njslxve/avito-shop/internal/repository/user.go:31.16,33.3 1 0
github.com/njslxve/avito-shop/internal/repository/user.go:35.2,38.16 3 0
github.com/njslxve/avito-shop/internal/repository/user.go:38.16,40.3 1 0
github.com/njslxve/avito-shop/internal/repository/user.go:42.2,42.16 1 0
github.com/njslxve/avito-shop/internal/repository/user.go:45.79,55.16 5 0
github.com/njslxve/avito-shop/internal/repository/user.go:55.16,57.3 1 0
github.com/njslxve/avito-shop/internal/repository/user.go:59.2,62.16 3 0
github.com/njslxve/avito-shop/internal/repository/user.go:62.16,64.3 1 0
github.com/njslxve/avito-shop/internal/repository/user.go:66.2,66.18 1 0
github.com/njslxve/avito-shop/internal/repository/user.go:69.75,79.16 5 0
github.com/njslxve/avito-shop/internal/repository/user.go:79.16,81.3 1 0
github.com/njslxve/avito-shop/internal/repository/user.go:83.2,86.16 3 0
github.com/njslxve/avito-shop/internal/repository/user.go:86.16,88.3 1 0
github.com/njslxve/avito-shop/internal/repository/user.go:90.2,90.18 1 0
github.com/njslxve/avito-shop/internal/repository/user.go:93.80,101.16 4 0
github.com/njslxve/avito-shop/internal/repository/user.go:101.16,103.3 1 0
github.com/njslxve/avito-shop/internal/repository/user.go:105.2,106.16 2 0
github.com/njslxve/avito-shop/internal/repository/user.go:106.16,108.3 1 0
github.com/njslxve/avito-shop/internal/repository/user.go:110.2,110.12 1 0
github.com/njslxve/avito-shop/internal/server/server.go:26.83,32.2 1 0
github.com/njslxve/avito-shop/internal/server/server.go:34.24,50.12 9 0
github.com/njslxve/avito-shop/internal/server/server.go:50.12,51.73 1 0
github.com/njslxve/avito-shop/internal/server/server.go:51.73,55.4 1 0
github.com/njslxve/avito-shop/internal/server/server.go:58.2,70.40 8 0
github.com/njslxve/avito-shop/internal/server/server.go:70.40,72.3 1 0
github.com/njslxve/avito-shop/internal/server/server.go:74.2,74.33 1 0
github.com/njslxve/avito-shop/internal/server/handler/auth.go:18.70,19.36 1 1
github.com/njslxve/avito-shop/internal/server/handler/auth.go:19.36,24.72 3 1
github.com/njslxve/avito-shop/internal/server/handler/auth.go:24.72,35.4 3 0
github.com/njslxve/avito-shop/internal/server/handler/auth.go:37.3,38.17 2 1
github.com/njslxve/avito-shop/internal/server/handler/auth.go:38.17,49.4 3 0
github.com/njslxve/avito-shop/internal/server/handler/auth.go:51.3,52.17 2 1
github.com/njslxve/avito-shop/internal/server/handler/auth.go:52.17,63.4 3 0
github.com/njslxve/avito-shop/internal/server/handler/auth.go:65.3,66.17 2 1
github.com/njslxve/avito-shop/internal/server/handler/auth.go:66.17,77.4 3 0
github.com/njslxve/avito-shop/internal/server/handler/auth.go:79.3,83.36 2 1
github.com/njslxve/avito-shop/internal/server/handler/buy_item.go:18.76,19.36 1 1
github.com/njslxve/avito-shop/internal/server/handler/buy_item.go:19.36,24.10 4 1
github.com/njslxve/avito-shop/internal/server/handler/buy_item.go:24.10,26.4 1 0
github.com/njslxve/avito-shop/internal/server/handler/buy_item.go:28.3,29.10 2 1
github.com/njslxve/avito-shop/internal/server/handler/buy_item.go:29.10,31.4 1 0
github.com/njslxve/avito-shop/internal/server/handler/buy_item.go:33.3,34.10 2 1
github.com/njslxve/avito-shop/internal/server/handler/buy_item.go:34.10,36.4 1 0
github.com/njslxve/avito-shop/internal/server/handler/buy_item.go:38.3,39.17 2 1
github.com/njslxve/avito-shop/internal/server/handler/buy_item.go:39.17,50.4 3 0
github.com/njslxve/avito-shop/internal/server/handler/buy_item.go:52.3,52.32 1 1
github.com/njslxve/avito-shop/internal/server/handler/buy_item.go:52.32,63.4 3 0
github.com/njslxve/avito-shop/internal/server/handler/buy_item.go:65.3,66.17 2 1
github.com/njslxve/avito-shop/internal/server/handler/buy_item.go:66.17,78.4 3 0
github.com/njslxve/avito-shop/internal/server/handler/buy_item.go:80.3,80.36 1 1
github.com/njslxve/avito-shop/internal/server/handler/info.go:17.70,18.36 1 1
github.com/njslxve/avito-shop/internal/server/handler/info.go:18.36,22.10 3 1
github.com/njslxve/avito-shop/internal/server/handler/info.go:22.10,24.4 1 0
github.com/njslxve/avito-shop/internal/server/handler/info.go:26.3,27.10 2 1
github.com/njslxve/avito-shop/internal/server/handler/info.go:27.10,29.4 1 0
github.com/njslxve/avito-shop/internal/server/handler/info.go:31.3,32.10 2 1
github.com/njslxve/avito-shop/internal/server/handler/info.go:32.10,34.4 1 0
github.com/njslxve/avito-shop/internal/server/handler/info.go:36.3,37.17 2 1
github.com/njslxve/avito-shop/internal/server/handler/info.go:37.17,48.4 3 0
github.com/njslxve/avito-shop/internal/server/handler/info.go:50.3,51.17 2 1
github.com/njslxve/avito-shop/internal/server/handler/info.go:51.17,62.4 3 0
github.com/njslxve/avito-shop/internal/server/handler/info.go:64.3,64.41 1 1
github.com/njslxve/avito-shop/internal/server/handler/send_coin.go:18.78,19.36 1 1
github.com/njslxve/avito-shop/internal/server/handler/send_coin.go:19.36,23.10 3 1
github.com/njslxve/avito-shop/internal/server/handler/send_coin.go:23.10,25.4 1 0
github.com/njslxve/avito-shop/internal/server/handler/send_coin.go:27.3,28.10 2 1
github.com/njslxve/avito-shop/internal/server/handler/send_coin.go:28.10,30.4 1 0
github.com/njslxve/avito-shop/internal/server/handler/send_coin.go:32.3,33.10 2 1
github.com/njslxve/avito-shop/internal/server/handler/send_coin.go:33.10,35.4 1 0
github.com/njslxve/avito-shop/internal/server/handler/send_coin.go:37.3,38.17 2 1
github.com/njslxve/avito-shop/internal/server/handler/send_coin.go:38.17,49.4 3 0
github.com/njslxve/avito-shop/internal/server/handler/send_coin.go:51.3,53.38 2 1
github.com/njslxve/avito-shop/internal/server/handler/send_coin.go:53.38,64.4 3 0
github.com/njslxve/avito-shop/internal/server/handler/send_coin.go:66.3,67.17 2 1
github.com/njslxve/avito-shop/internal/server/handler/send_coin.go:67.17,78.4 3 0
github.com/njslxve/avito-shop/internal/server/handler/send_coin.go:80.3,81.17 2 1
github.com/njslxve/avito-shop/internal/server/handler/send_coin.go:81.17,92.4 3 0
github.com/njslxve/avito-shop/internal/server/handler/send_coin.go:94.3,94.36 1 1
github.com/njslxve/avito-shop/internal/usecase/buy_item.go:10.67,12.16 2 0
github.com/njslxve/avito-shop/internal/usecase/buy_item.go:12.16,17.3 1 0
github.com/njslxve/avito-shop/internal/usecase/buy_item.go:19.2,19.29 1 0
github.com/njslxve/avito-shop/internal/usecase/buy_item.go:19.29,21.3 1 0
github.com/njslxve/avito-shop/internal/usecase/buy_item.go:23.2,24.16 2 0
github.com/njslxve/avito-shop/internal/usecase/buy_item.go:24.16,29.3 1 0
github.com/njslxve/avito-shop/internal/usecase/buy_item.go:31.2,32.16 2 0
github.com/njslxve/avito-shop/internal/usecase/buy_item.go:32.16,40.17 3 0
github.com/njslxve/avito-shop/internal/usecase/buy_item.go:40.17,45.4 1 0
github.com/njslxve/avito-shop/internal/usecase/buy_item.go:47.3,47.13 1 0
github.com/njslxve/avito-shop/internal/usecase/buy_item.go:50.2,50.12 1 0
github.com/njslxve/avito-shop/internal/usecase/create_user.go:11.77,20.16 4 0
github.com/njslxve/avito-shop/internal/usecase/create_user.go:20.16,25.3 1 0
github.com/njslxve/avito-shop/internal/usecase/create_user.go:27.2,29.18 2 0
github.com/njslxve/avito-shop/internal/usecase/create_user.go:32.43,37.2 3 0
github.com/njslxve/avito-shop/internal/usecase/get_user.go:10.77,12.16 2 0
github.com/njslxve/avito-shop/internal/usecase/get_user.go:12.16,14.17 2 0
github.com/njslxve/avito-shop/internal/usecase/get_user.go:14.17,16.4 1 0
github.com/njslxve/avito-shop/internal/usecase/get_user.go:18.3,18.19 1 0
github.com/njslxve/avito-shop/internal/usecase/get_user.go:21.2,21.50 1 0
github.com/njslxve/avito-shop/internal/usecase/get_user.go:21.50,23.3 1 0
github.com/njslxve/avito-shop/internal/usecase/get_user.go:25.2,25.18 1 0
github.com/njslxve/avito-shop/internal/usecase/get_user.go:28.64,30.16 2 0
github.com/njslxve/avito-shop/internal/usecase/get_user.go:30.16,32.3 1 0
github.com/njslxve/avito-shop/internal/usecase/get_user.go:34.2,34.18 1 0
github.com/njslxve/avito-shop/internal/usecase/info.go:5.69,9.16 3 0
github.com/njslxve/avito-shop/internal/usecase/info.go:9.16,11.3 1 0
github.com/njslxve/avito-shop/internal/usecase/info.go:13.2,16.16 3 0
github.com/njslxve/avito-shop/internal/usecase/info.go:16.16,18.3 1 0
github.com/njslxve/avito-shop/internal/usecase/info.go:20.2,21.16 2 0
github.com/njslxve/avito-shop/internal/usecase/info.go:21.16,23.3 1 0
github.com/njslxve/avito-shop/internal/usecase/info.go:25.2,37.26 4 0
github.com/njslxve/avito-shop/internal/usecase/send_coin.go:9.92,10.27 1 0
github.com/njslxve/avito-shop/internal/usecase/send_coin.go:10.27,12.3 1 0
github.com/njslxve/avito-shop/internal/usecase/send_coin.go:14.2,15.16 2 0
github.com/njslxve/avito-shop/internal/usecase/send_coin.go:15.16,17.3 1 0
github.com/njslxve/avito-shop/internal/usecase/send_coin.go:19.2,20.16 2 0
github.com/njslxve/avito-shop/internal/usecase/send_coin.go:20.16,22.3 1 0
github.com/njslxve/avito-shop/internal/usecase/send_coin.go:24.2,25.16 2 0
github.com/njslxve/avito-shop/internal/usecase/send_coin.go:25.16,27.3 1 0
github.com/njslxve/avito-shop/internal/usecase/send_coin.go:29.2,30.16 2 0
github.com/njslxve/avito-shop/internal/usecase/send_coin.go:30.16,32.3 1 0
github.com/njslxve/avito-shop/internal/usecase/send_coin.go:34.2,34.12 1 0
github.com/njslxve/avito-shop/internal/usecase/usecase.go:17.86,23.2 1 0
github.com/njslxve/avito-shop/internal/usecase/usecase.go:25.56,27.16 2 0
github.com/njslxve/avito-shop/internal/usecase/usecase.go:27.16,32.3 2 0
github.com/njslxve/avito-shop/internal/usecase/usecase.go:34.2,34.19 1 0
github.com/njslxve/avito-shop/internal/usecase/usecase.go:37.62,40.37 2 0
github.com/njslxve/avito-shop/internal/usecase/usecase.go:40.37,42.3 1 0
github.com/njslxve/avito-shop/internal/usecase/usecase.go:44.2,46.32 2 0
github.com/njslxve/avito-shop/internal/usecase/usecase.go:46.32,51.3 1 0
github.com/njslxve/avito-shop/internal/usecase/usecase.go:53.2,53.17 1 0
github.com/njslxve/avito-shop/internal/usecase/usecase.go:56.67,59.34 2 0
github.com/njslxve/avito-shop/internal/usecase/usecase.go:59.34,64.3 1 0
github.com/njslxve/avito-shop/internal/usecase/usecase.go:66.2,66.13 1 0
github.com/njslxve/avito-shop/internal/usecase/usecase.go:69.75,72.36 2 0
github.com/njslxve/avito-shop/internal/usecase/usecase.go:72.36,77.3 1 0
github.com/njslxve/avito-shop/internal/usecase/usecase.go:79.2,79.17 1 0
github.com/njslxve/avito-shop/internal/usecase/validate_item.go:5.54,7.16 2 0
github.com/njslxve/avito-shop/internal/usecase/validate_item.go:7.16,14.3 2 0
github.com/njslxve/avito-shop/internal/usecase/validate_item.go:16.2,16.13 1 0
github.com/njslxve/avito-shop/internal/validation/validation.go:11.52,15.2 2 1
github.com/njslxve/avito-shop/internal/validation/validation.go:17.61,21.2 2 1
github.com/njslxve/avito-shop/internal/validation/validation.go:23.52,30.2 4 0
github.com/njslxve/avito-shop/internal/validation/validation.go:11.52,15.2 2 0
github.com/njslxve/avito-shop/internal/validation/validation.go:17.61,21.2 2 0
github.com/njslxve/avito-shop/internal/validation/validation.go:23.52,30.2 4 0
github.com/njslxve/avito-shop/internal/auth/auth.go:24.36,28.2 1 0
github.com/njslxve/avito-shop/internal/auth/auth.go:30.61,40.16 4 0
github.com/njslxve/avito-shop/internal/auth/auth.go:40.16,42.3 1 0
github.com/njslxve/avito-shop/internal/auth/auth.go:44.2,44.25 1 0
github.com/njslxve/avito-shop/internal/auth/auth.go:47.67,48.104 1 0
github.com/njslxve/avito-shop/internal/auth/auth.go:48.104,50.3 1 0
github.com/njslxve/avito-shop/internal/auth/auth.go:51.2,51.16 1 0
github.com/njslxve/avito-shop/internal/auth/auth.go:51.16,53.3 1 0
github.com/njslxve/avito-shop/internal/auth/auth.go:55.2,55.61 1 0
github.com/njslxve/avito-shop/internal/auth/auth.go:55.61,57.3 1 0
github.com/njslxve/avito-shop/internal/auth/auth.go:57.8,59.3 1 0
github.com/njslxve/avito-shop/internal/auth/auth.go:62.60,65.2 2 0
github.com/njslxve/avito-shop/internal/auth/auth.go:67.51,75.55 2 0
github.com/njslxve/avito-shop/internal/auth/auth.go:75.55,81.4 2 0
github.com/njslxve/avito-shop/internal/client/postgres/postgres.go:11.59,20.16 3 0
github.com/njslxve/avito-shop/internal/client/postgres/postgres.go:20.16,22.3 1 0
github.com/njslxve/avito-shop/internal/client/postgres/postgres.go:24.2,28.16 4 0
github.com/njslxve/avito-shop/internal/client/postgres/postgres.go:28.16,30.3 1 0
github.com/njslxve/avito-shop/internal/client/postgres/postgres.go:32.2,33.16 2 0
github.com/njslxve/avito-shop/internal/client/postgres/postgres.go:33.16,35.3 1 0
github.com/njslxve/avito-shop/internal/client/postgres/postgres.go:37.2,37.18 1 0
github.com/njslxve/avito-shop/internal/config/config.go:19.30,23.16 3 0
github.com/njslxve/avito-shop/internal/config/config.go:23.16,25.3 1 0
github.com/njslxve/avito-shop/internal/config/config.go:27.2,27.18 1 0
github.com/njslxve/avito-shop/internal/mocks/repository.go:16.71,20.2 2 1
github.com/njslxve/avito-shop/internal/mocks/repository.go:22.83,26.2 2 1
github.com/njslxve/avito-shop/internal/mocks/repository.go:28.79,32.2 2 0
github.com/njslxve/avito-shop/internal/mocks/repository.go:34.84,38.2 2 1
github.com/njslxve/avito-shop/internal/mocks/repository.go:44.77,48.2 2 1
github.com/njslxve/avito-shop/internal/mocks/repository.go:54.70,58.2 2 1
github.com/njslxve/avito-shop/internal/mocks/repository.go:60.81,64.2 2 1
github.com/njslxve/avito-shop/internal/mocks/repository.go:70.90,74.2 2 1
github.com/njslxve/avito-shop/internal/mocks/repository.go:76.89,80.2 2 1
github.com/njslxve/avito-shop/internal/mocks/repository.go:82.93,86.2 2 1
github.com/njslxve/avito-shop/internal/mocks/usecase.go:12.59,16.2 2 0
github.com/njslxve/avito-shop/internal/mocks/usecase.go:18.82,22.2 2 0
github.com/njslxve/avito-shop/internal/mocks/usecase.go:24.68,28.2 2 0
github.com/njslxve/avito-shop/internal/mocks/usecase.go:30.61,34.2 2 0
github.com/njslxve/avito-shop/internal/mocks/usecase.go:36.68,40.2 2 0
github.com/njslxve/avito-shop/internal/mocks/usecase.go:42.83,46.2 2 0
github.com/njslxve/avito-shop/internal/mocks/usecase.go:48.74,52.2 2 0
github.com/njslxve/avito-shop/internal/repository/coin.go:16.58,20.2 1 0
github.com/njslxve/avito-shop/internal/repository/coin.go:22.86,30.16 4 0
github.com/njslxve/avito-shop/internal/repository/coin.go:30.16,32.3 1 0
github.com/njslxve/avito-shop/internal/repository/coin.go:34.2,35.16 2 0
github.com/njslxve/avito-shop/internal/repository/coin.go:35.16,37.3 1 0
github.com/njslxve/avito-shop/internal/repository/coin.go:39.2,39.12 1 0
github.com/njslxve/avito-shop/internal/repository/coin.go:42.85,54.16 5 0
github.com/njslxve/avito-shop/internal/repository/coin.go:54.16,56.3 1 0
github.com/njslxve/avito-shop/internal/repository/coin.go:58.2,59.16 2 0
github.com/njslxve/avito-shop/internal/repository/coin.go:59.16,61.3 1 0
github.com/njslxve/avito-shop/internal/repository/coin.go:63.2,63.18 1 0
github.com/njslxve/avito-shop/internal/repository/coin.go:63.18,67.17 3 0
github.com/njslxve/avito-shop/internal/repository/coin.go:67.17,69.4 1 0
github.com/njslxve/avito-shop/internal/repository/coin.go:71.3,71.41 1 0
github.com/njslxve/avito-shop/internal/repository/coin.go:74.2,74.26 1 0
github.com/njslxve/avito-shop/internal/repository/coin.go:77.89,89.16 5 0
github.com/njslxve/avito-shop/internal/repository/coin.go:89.16,91.3 1 0
github.com/njslxve/avito-shop/internal/repository/coin.go:93.2,94.16 2 0
github.com/njslxve/avito-shop/internal/repository/coin.go:94.16,96.3 1 0
github.com/njslxve/avito-shop/internal/repository/coin.go:98.2,98.18 1 0
github.com/njslxve/avito-shop/internal/repository/coin.go:98.18,102.17 3 0
github.com/njslxve/avito-shop/internal/repository/coin.go:102.17,104.4 1 0
github.com/njslxve/avito-shop/internal/repository/coin.go:106.3,106.41 1 0
github.com/njslxve/avito-shop/internal/repository/coin.go:109.2,109.26 1 0
github.com/njslxve/avito-shop/internal/repository/item.go:16.58,20.2 1 0
github.com/njslxve/avito-shop/internal/repository/item.go:22.73,32.16 5 0
github.com/njslxve/avito-shop/internal/repository/item.go:32.16,34.3 1 0
github.com/njslxve/avito-shop/internal/repository/item.go:36.2,39.16 3 0
github.com/njslxve/avito-shop/internal/repository/item.go:39.16,41.3 1 0
github.com/njslxve/avito-shop/internal/repository/item.go:43.2,43.18 1 0
github.com/njslxve/avito-shop/internal/repository/repository.go:38.40,45.2 1 0
github.com/njslxve/avito-shop/internal/repository/transaction.go:15.72,19.2 1 0
github.com/njslxve/avito-shop/internal/repository/transaction.go:21.66,29.16 4 0
github.com/njslxve/avito-shop/internal/repository/transaction.go:29.16,31.3 1 0
github.com/njslxve/avito-shop/internal/repository/transaction.go:33.2,34.16 2 0
github.com/njslxve/avito-shop/internal/repository/transaction.go:34.16,36.3 1 0
github.com/njslxve/avito-shop/internal/repository/transaction.go:38.2,38.12 1 0
github.com/njslxve/avito-shop/internal/repository/transaction.go:41.77,52.16 5 0
github.com/njslxve/avito-shop/internal/repository/transaction.go:52.16,54.3 1 0
github.com/njslxve/avito-shop/internal/repository/transaction.go:56.2,57.16 2 0
github.com/njslxve/avito-shop/internal/repository/transaction.go:57.16,59.3 1 0
github.com/njslxve/avito-shop/internal/repository/transaction.go:61.2,61.18 1 0
github.com/njslxve/avito-shop/internal/repository/transaction.go:61.18,65.17 3 0
github.com/njslxve/avito-shop/internal/repository/transaction.go:65.17,67.4 1 0
github.com/njslxve/avito-shop/internal/repository/transaction.go:69.3,69.30 1 0
github.com/njslxve/avito-shop/internal/repository/transaction.go:72.2,72.19 1 0
github.com/njslxve/avito-shop/internal/repository/user.go:16.58,20.2 1 0
github.com/njslxve/avito-shop/internal/repository/user.go:22.67,31.16 4 0
github.com/njslxve/avito-shop/internal/repository/user.go:31.16,33.3 1 0
github.com/njslxve/avito-shop/internal/repository/user.go:35.2,38.16 3 0
github.com/njslxve/avito-shop/internal/repository/user.go:38.16,40.3 1 0
github.com/njslxve/avito-shop/internal/repository/user.go:42.2,42.16 1 0
github.com/njslxve/avito-shop/internal/repository/user.go:45.79,55.16 5 0
github.com/njslxve/avito-shop/internal/repository/user.go:55.16,57.3 1 0
github.com/njslxve/avito-shop/internal/repository/user.go:59.2,62.16 3 0
github.com/njslxve/avito-shop/internal/repository/user.go:62.16,64.3 1 0
github.com/njslxve/avito-shop/internal/repository/user.go:66.2,66.18 1 0
github.com/njslxve/avito-shop/internal/repository/user.go:69.75,79.16 5 0
github.com/njslxve/avito-shop/internal/repository/user.go:79.16,81.3 1 0
github.com/njslxve/avito-shop/internal/repository/user.go:83.2,86.16 3 0
github.com/njslxve/avito-shop/internal/repository/user.go:86.16,88.3 1 0
github.com/njslxve/avito-shop/internal/repository/user.go:90.2,90.18 1 0
github.com/njslxve/avito-shop/internal/repository/user.go:93.80,101.16 4 0
github.com/njslxve/avito-shop/internal/repository/user.go:101.16,103.3 1 0
github.com/njslxve/avito-shop/internal/repository/user.go:105.2,106.16 2 0
github.com/njslxve/avito-shop/internal/repository/user.go:106.16,108.3 1 0
github.com/njslxve/avito-shop/internal/repository/user.go:110.2,110.12 1 0
github.com/njslxve/avito-shop/internal/server/server.go:26.83,32.2 1 0
github.com/njslxve/avito-shop/internal/server/server.go:34.24,50.12 9 0
github.com/njslxve/avito-shop/internal/server/server.go:50.12,51.73 1 0
github.com/njslxve/avito-shop/internal/server/server.go:51.73,55.4 1 0
github.com/njslxve/avito-shop/internal/server/server.go:58.2,70.40 8 0
github.com/njslxve/avito-shop/internal/server/server.go:70.40,72.3 1 0
github.com/njslxve/avito-shop/internal/server/server.go:74.2,74.33 1 0
github.com/njslxve/avito-shop/internal/server/handler/auth.go:18.70,19.36 1 0
github.com/njslxve/avito-shop/internal/server/handler/auth.go:19.36,24.72 3 0
github.com/njslxve/avito-shop/internal/server/handler/auth.go:24.72,35.4 3 0
github.com/njslxve/avito-shop/internal/server/handler/auth.go:37.3,38.17 2 0
github.com/njslxve/avito-shop/internal/server/handler/auth.go:38.17,49.4 3 0
github.com/njslxve/avito-shop/internal/server/handler/auth.go:51.3,52.17 2 0
github.com/njslxve/avito-shop/internal/server/handler/auth.go:52.17,63.4 3 0
github.com/njslxve/avito-shop/internal/server/handler/auth.go:65.3,66.17 2 0
github.com/njslxve/avito-shop/internal/server/handler/auth.go:66.17,77.4 3 0
github.com/njslxve/avito-shop/internal/server/handler/auth.go:79.3,83.36 2 0
github.com/njslxve/avito-shop/internal/server/handler/buy_item.go:18.76,19.36 1 0
github.com/njslxve/avito-shop/internal/server/handler/buy_item.go:19.36,24.10 4 0
github.com/njslxve/avito-shop/internal/server/handler/buy_item.go:24.10,26.4 1 0
github.com/njslxve/avito-shop/internal/server/handler/buy_item.go:28.3,29.10 2 0
github.com/njslxve/avito-shop/internal/server/handler/buy_item.go:29.10,31.4 1 0
github.com/njslxve/avito-shop/internal/server/handler/buy_item.go:33.3,34.10 2 0
github.com/njslxve/avito-shop/internal/server/handler/buy_item.go:34.10,36.4 1 0
github.com/njslxve/avito-shop/internal/server/handler/buy_item.go:38.3,39.17 2 0
github.com/njslxve/avito-shop/internal/server/handler/buy_item.go:39.17,50.4 3 0
github.com/njslxve/avito-shop/internal/server/handler/buy_item.go:52.3,52.32 1 0
github.com/njslxve/avito-shop/internal/server/handler/buy_item.go:52.32,63.4 3 0
github.com/njslxve/avito-shop/internal/server/handler/buy_item.go:65.3,66.17 2 0
github.com/njslxve/avito-shop/internal/server/handler/buy_item.go:66.17,78.4 3 0
github.com/njslxve/avito-shop/internal/server/handler/buy_item.go:80.3,80.36 1 0
github.com/njslxve/avito-shop/internal/server/handler/info.go:17.70,18.36 1 0
github.com/njslxve/avito-shop/internal/server/handler/info.go:18.36,22.10 3 0
github.com/njslxve/avito-shop/internal/server/handler/info.go:22.10,24.4 1 0
github.com/njslxve/avito-shop/internal/server/handler/info.go:26.3,27.10 2 0
github.com/njslxve/avito-shop/internal/server/handler/info.go:27.10,29.4 1 0
github.com/njslxve/avito-shop/internal/server/handler/info.go:31.3,32.10 2 0
github.com/njslxve/avito-shop/internal/server/handler/info.go:32.10,34.4 1 0
github.com/njslxve/avito-shop/internal/server/handler/info.go:36.3,37.17 2 0
github.com/njslxve/avito-shop/internal/server/handler/info.go:37.17,48.4 3 0
github.com/njslxve/avito-shop/internal/server/handler/info.go:50.3,51.17 2 0
github.com/njslxve/avito-shop/internal/server/handler/info.go:51.17,62.4 3 0
github.com/njslxve/avito-shop/internal/server/handler/info.go:64.3,64.41 1 0
github.com/njslxve/avito-shop/internal/server/handler/send_coin.go:18.78,19.36 1 0
github.com/njslxve/avito-shop/internal/server/handler/send_coin.go:19.36,23.10 3 0
github.com/njslxve/avito-shop/internal/server/handler/send_coin.go:23.10,25.4 1 0
github.com/njslxve/avito-shop/internal/server/handler/send_coin.go:27.3,28.10 2 0
github.com/njslxve/avito-shop/internal/server/handler/send_coin.go:28.10,30.4 1 0
github.com/njslxve/avito-shop/internal/server/handler/send_coin.go:32.3,33.10 2 0
github.com/njslxve/avito-shop/internal/server/handler/send_coin.go:33.10,35.4 1 0
github.com/njslxve/avito-shop/internal/server/handler/send_coin.go:37.3,38.17 2 0
github.com/njslxve/avito-shop/internal/server/handler/send_coin.go:38.17,49.4 3 0
github.com/njslxve/avito-shop/internal/server/handler/send_coin.go:51.3,53.38 2 0
github.com/njslxve/avito-shop/internal/server/handler/send_coin.go:53.38,64.4 3 0
github.com/njslxve/avito-shop/internal/server/handler/send_coin.go:66.3,67.17 2 0
github.com/njslxve/avito-shop/internal/server/handler/send_coin.go:67.17,78.4 3 0
github.com/njslxve/avito-shop/internal/server/handler/send_coin.go:80.3,81.17 2 0
github.com/njslxve/avito-shop/internal/server/handler/send_coin.go:81.17,92.4 3 0
github.com/njslxve/avito-shop/internal/server/handler/send_coin.go:94.3,94.36 1 0
github.com/njslxve/avito-shop/internal/usecase/buy_item.go:10.67,12.16 2 1
github.com/njslxve/avito-shop/internal/usecase/buy_item.go:12.16,17.3 1 0
github.com/njslxve/avito-shop/internal/usecase/buy_item.go:19.2,19.29 1 1
github.com/njslxve/avito-shop/internal/usecase/buy_item.go:19.29,21.3 1 0
github.com/njslxve/avito-shop/internal/usecase/buy_item.go:23.2,24.16 2 1
github.com/njslxve/avito-shop/internal/usecase/buy_item.go:24.16,29.3 1 0
github.com/njslxve/avito-shop/internal/usecase/buy_item.go:31.2,32.16 2 1
github.com/njslxve/avito-shop/internal/usecase/buy_item.go:32.16,40.17 3 0
github.com/njslxve/avito-shop/internal/usecase/buy_item.go:40.17,45.4 1 0
github.com/njslxve/avito-shop/internal/usecase/buy_item.go:47.3,47.13 1 0
github.com/njslxve/avito-shop/internal/usecase/buy_item.go:50.2,50.12 1 1
github.com/njslxve/avito-shop/internal/usecase/create_user.go:11.77,20.16 4 1
github.com/njslxve/avito-shop/internal/usecase/create_user.go:20.16,25.3 1 0
github.com/njslxve/avito-shop/internal/usecase/create_user.go:27.2,29.18 2 1
github.com/njslxve/avito-shop/internal/usecase/create_user.go:32.43,37.2 3 1
github.com/njslxve/avito-shop/internal/usecase/get_user.go:10.77,12.16 2 1
github.com/njslxve/avito-shop/internal/usecase/get_user.go:12.16,14.17 2 0
github.com/njslxve/avito-shop/internal/usecase/get_user.go:14.17,16.4 1 0
github.com/njslxve/avito-shop/internal/usecase/get_user.go:18.3,18.19 1 0
github.com/njslxve/avito-shop/internal/usecase/get_user.go:21.2,21.50 1 1
github.com/njslxve/avito-shop/internal/usecase/get_user.go:21.50,23.3 1 0
github.com/njslxve/avito-shop/internal/usecase/get_user.go:25.2,25.18 1 1
github.com/njslxve/avito-shop/internal/usecase/get_user.go:28.64,30.16 2 0
github.com/njslxve/avito-shop/internal/usecase/get_user.go:30.16,32.3 1 0
github.com/njslxve/avito-shop/internal/usecase/get_user.go:34.2,34.18 1 0
github.com/njslxve/avito-shop/internal/usecase/info.go:5.69,9.16 3 1
github.com/njslxve/avito-shop/internal/usecase/info.go:9.16,11.3 1 0
github.com/njslxve/avito-shop/internal/usecase/info.go:13.2,16.16 3 1
github.com/njslxve/avito-shop/internal/usecase/info.go:16.16,18.3 1 0
github.com/njslxve/avito-shop/internal/usecase/info.go:20.2,21.16 2 1
github.com/njslxve/avito-shop/internal/usecase/info.go:21.16,23.3 1 0
github.com/njslxve/avito-shop/internal/usecase/info.go:25.2,37.26 4 1
github.com/njslxve/avito-shop/internal/usecase/send_coin.go:9.92,10.27 1 1
github.com/njslxve/avito-shop/internal/usecase/send_coin.go:10.27,12.3 1 0
github.com/njslxve/avito-shop/internal/usecase/send_coin.go:14.2,15.16 2 1
github.com/njslxve/avito-shop/internal/usecase/send_coin.go:15.16,17.3 1 0
github.com/njslxve/avito-shop/internal/usecase/send_coin.go:19.2,20.16 2 1
github.com/njslxve/avito-shop/internal/usecase/send_coin.go:20.16,22.3 1 0
github.com/njslxve/avito-shop/internal/usecase/send_coin.go:24.2,25.16 2 1
github.com/njslxve/avito-shop/internal/usecase/send_coin.go:25.16,27.3 1 0
github.com/njslxve/avito-shop/internal/usecase/send_coin.go:29.2,30.16 2 1
github.com/njslxve/avito-shop/internal/usecase/send_coin.go:30.16,32.3 1 0
github.com/njslxve/avito-shop/internal/usecase/send_coin.go:34.2,34.12 1 1
github.com/njslxve/avito-shop/internal/usecase/usecase.go:17.86,23.2 1 1
github.com/njslxve/avito-shop/internal/usecase/usecase.go:25.56,27.16 2 0
github.com/njslxve/avito-shop/internal/usecase/usecase.go:27.16,32.3 2 0
github.com/njslxve/avito-shop/internal/usecase/usecase.go:34.2,34.19 1 0
github.com/njslxve/avito-shop/internal/usecase/usecase.go:37.62,40.37 2 1
github.com/njslxve/avito-shop/internal/usecase/usecase.go:40.37,42.3 1 1
github.com/njslxve/avito-shop/internal/usecase/usecase.go:44.2,46.32 2 1
github.com/njslxve/avito-shop/internal/usecase/usecase.go:46.32,51.3 1 1
github.com/njslxve/avito-shop/internal/usecase/usecase.go:53.2,53.17 1 1
github.com/njslxve/avito-shop/internal/usecase/usecase.go:56.67,59.34 2 1
github.com/njslxve/avito-shop/internal/usecase/usecase.go:59.34,64.3 1 1
github.com/njslxve/avito-shop/internal/usecase/usecase.go:66.2,66.13 1 1
github.com/njslxve/avito-shop/internal/usecase/usecase.go:69.75,72.36 2 1
github.com/njslxve/avito-shop/internal/usecase/usecase.go:72.36,77.3 1 1
github.com/njslxve/avito-shop/internal/usecase/usecase.go:79.2,79.17 1 1
github.com/njslxve/avito-shop/internal/usecase/validate_item.go:5.54,7.16 2 1
github.com/njslxve/avito-shop/internal/usecase/validate_item.go:7.16,14.3 2 1
github.com/njslxve/avito-shop/internal/usecase/validate_item.go:16.2,16.13 1 1
github.com/njslxve/avito-shop/internal/validation/validation.go:11.52,15.2 2 0
github.com/njslxve/avito-shop/internal/validation/validation.go:17.61,21.2 2 0
github.com/njslxve/avito-shop/internal/validation/validation.go:23.52,30.2 4 1
